03/04/2022, 8:53:51 - INFO - Server is running on port: 3030 
03/04/2022, 20:57:56 - INFO - Server is running on port: 3030 
03/04/2022, 21:08:08 - INFO - Server is running on port: 3030 
04/04/2022, 15:23:16 - INFO - Server is running on port: 3030 
04/04/2022, 15:32:56 - ERROR - while finding board [object Object] | Error: Argument passed in must be a single String of 12 bytes or a string of 24 hex characters (sid: IBPfTybUCtvdybbkJnAYRZt_cGCO6HJh)
04/04/2022, 15:32:56 - ERROR - Failed to get board | Error: Argument passed in must be a single String of 12 bytes or a string of 24 hex characters (sid: IBPfTybUCtvdybbkJnAYRZt_cGCO6HJh)
04/04/2022, 20:32:24 - INFO - Server is running on port: 3030 
11/05/2022, 7:33:52 - INFO - Server is running on port: 3030 
11/05/2022, 10:09:36 - INFO - Server is running on port: 3030 
11/05/2022, 10:10:13 - ERROR - cannot find boards | ReferenceError: logger is not defined (sid: mC2cj1GgYh1X0b4RPQ8sywYDm1F-sVGd)
11/05/2022, 10:10:13 - ERROR - Failed to get boards | ReferenceError: logger is not defined (sid: mC2cj1GgYh1X0b4RPQ8sywYDm1F-sVGd)
11/05/2022, 10:11:32 - ERROR - cannot find boards | ReferenceError: logger is not defined (sid: mC2cj1GgYh1X0b4RPQ8sywYDm1F-sVGd)
11/05/2022, 10:11:32 - ERROR - Failed to get boards | ReferenceError: logger is not defined (sid: mC2cj1GgYh1X0b4RPQ8sywYDm1F-sVGd)
11/05/2022, 10:12:04 - ERROR - cannot find boards | ReferenceError: logger is not defined (sid: mC2cj1GgYh1X0b4RPQ8sywYDm1F-sVGd)
11/05/2022, 10:12:04 - ERROR - Failed to get boards | ReferenceError: logger is not defined (sid: mC2cj1GgYh1X0b4RPQ8sywYDm1F-sVGd)
11/05/2022, 10:15:19 - ERROR - cannot find boards | ReferenceError: logger is not defined (sid: pbu_ndknRtvqc2fM4IK6m-Ku06E2ZLly)
11/05/2022, 10:15:19 - ERROR - Failed to get boards | ReferenceError: logger is not defined (sid: pbu_ndknRtvqc2fM4IK6m-Ku06E2ZLly)
11/05/2022, 10:16:54 - ERROR - cannot find boards | ReferenceError: logger is not defined (sid: pbu_ndknRtvqc2fM4IK6m-Ku06E2ZLly)
11/05/2022, 10:16:54 - ERROR - Failed to get boards | ReferenceError: logger is not defined (sid: pbu_ndknRtvqc2fM4IK6m-Ku06E2ZLly)
11/05/2022, 10:17:12 - ERROR - while finding board 6242a7510dccd03a807ae822 | ReferenceError: logger is not defined (sid: pbu_ndknRtvqc2fM4IK6m-Ku06E2ZLly)
11/05/2022, 10:17:12 - ERROR - Failed to get board | ReferenceError: logger is not defined (sid: pbu_ndknRtvqc2fM4IK6m-Ku06E2ZLly)
11/05/2022, 10:17:36 - ERROR - while finding board 627a62c5749567523a49386b | ReferenceError: logger is not defined (sid: pbu_ndknRtvqc2fM4IK6m-Ku06E2ZLly)
11/05/2022, 10:17:36 - ERROR - Failed to get board | ReferenceError: logger is not defined (sid: pbu_ndknRtvqc2fM4IK6m-Ku06E2ZLly)
11/05/2022, 10:19:03 - ERROR - while finding board 627a62c5749567523a49386b | ReferenceError: logger is not defined (sid: pbu_ndknRtvqc2fM4IK6m-Ku06E2ZLly)
11/05/2022, 10:19:03 - ERROR - Failed to get board | ReferenceError: logger is not defined (sid: pbu_ndknRtvqc2fM4IK6m-Ku06E2ZLly)
11/05/2022, 10:19:05 - ERROR - while finding board 627a62c5749567523a49386b | ReferenceError: logger is not defined (sid: pbu_ndknRtvqc2fM4IK6m-Ku06E2ZLly)
11/05/2022, 10:19:05 - ERROR - Failed to get board | ReferenceError: logger is not defined (sid: pbu_ndknRtvqc2fM4IK6m-Ku06E2ZLly)
11/05/2022, 10:19:20 - ERROR - while finding board 627a62c5749567523a49386b | ReferenceError: logger is not defined (sid: pbu_ndknRtvqc2fM4IK6m-Ku06E2ZLly)
11/05/2022, 10:19:20 - ERROR - Failed to get board | ReferenceError: logger is not defined (sid: pbu_ndknRtvqc2fM4IK6m-Ku06E2ZLly)
11/05/2022, 10:19:21 - ERROR - while finding board 627a62c5749567523a49386b | ReferenceError: logger is not defined (sid: pbu_ndknRtvqc2fM4IK6m-Ku06E2ZLly)
11/05/2022, 10:19:21 - ERROR - Failed to get board | ReferenceError: logger is not defined (sid: pbu_ndknRtvqc2fM4IK6m-Ku06E2ZLly)
11/05/2022, 10:19:27 - ERROR - cannot find boards | ReferenceError: logger is not defined (sid: pbu_ndknRtvqc2fM4IK6m-Ku06E2ZLly)
11/05/2022, 10:19:27 - ERROR - Failed to get boards | ReferenceError: logger is not defined (sid: pbu_ndknRtvqc2fM4IK6m-Ku06E2ZLly)
11/05/2022, 10:19:30 - ERROR - cannot find boards | ReferenceError: logger is not defined (sid: pbu_ndknRtvqc2fM4IK6m-Ku06E2ZLly)
11/05/2022, 10:19:30 - ERROR - Failed to get boards | ReferenceError: logger is not defined (sid: pbu_ndknRtvqc2fM4IK6m-Ku06E2ZLly)
11/05/2022, 10:19:45 - ERROR - cannot find boards | ReferenceError: logger is not defined (sid: pbu_ndknRtvqc2fM4IK6m-Ku06E2ZLly)
11/05/2022, 10:19:45 - ERROR - Failed to get boards | ReferenceError: logger is not defined (sid: pbu_ndknRtvqc2fM4IK6m-Ku06E2ZLly)
11/05/2022, 10:21:49 - ERROR - cannot find boards | ReferenceError: logger is not defined (sid: pbu_ndknRtvqc2fM4IK6m-Ku06E2ZLly)
11/05/2022, 10:21:49 - ERROR - Failed to get boards | ReferenceError: logger is not defined (sid: pbu_ndknRtvqc2fM4IK6m-Ku06E2ZLly)
11/05/2022, 10:24:03 - ERROR - cannot find boards | ReferenceError: logger is not defined (sid: pbu_ndknRtvqc2fM4IK6m-Ku06E2ZLly)
11/05/2022, 10:24:03 - ERROR - Failed to get boards | ReferenceError: logger is not defined (sid: pbu_ndknRtvqc2fM4IK6m-Ku06E2ZLly)
11/05/2022, 10:28:18 - ERROR - cannot find boards | ReferenceError: logger is not defined (sid: pbu_ndknRtvqc2fM4IK6m-Ku06E2ZLly)
11/05/2022, 10:28:18 - ERROR - Failed to get boards | ReferenceError: logger is not defined (sid: pbu_ndknRtvqc2fM4IK6m-Ku06E2ZLly)
11/05/2022, 10:28:21 - ERROR - cannot find boards | ReferenceError: logger is not defined (sid: pbu_ndknRtvqc2fM4IK6m-Ku06E2ZLly)
11/05/2022, 10:28:21 - ERROR - Failed to get boards | ReferenceError: logger is not defined (sid: pbu_ndknRtvqc2fM4IK6m-Ku06E2ZLly)
11/05/2022, 10:28:34 - ERROR - cannot find boards | ReferenceError: logger is not defined (sid: pbu_ndknRtvqc2fM4IK6m-Ku06E2ZLly)
11/05/2022, 10:28:34 - ERROR - Failed to get boards | ReferenceError: logger is not defined (sid: pbu_ndknRtvqc2fM4IK6m-Ku06E2ZLly)
11/05/2022, 10:33:30 - INFO - Server is running on port: 3030 
11/05/2022, 10:33:38 - ERROR - cannot find boards | ReferenceError: logger is not defined (sid: qrOMotcbrVNlbDdBBi3JILvQRTt75p_O)
11/05/2022, 10:33:38 - ERROR - Failed to get boards | ReferenceError: logger is not defined (sid: qrOMotcbrVNlbDdBBi3JILvQRTt75p_O)
11/05/2022, 10:34:21 - ERROR - cannot find boards | ReferenceError: logger is not defined (sid: qrOMotcbrVNlbDdBBi3JILvQRTt75p_O)
11/05/2022, 10:34:21 - ERROR - Failed to get boards | ReferenceError: logger is not defined (sid: qrOMotcbrVNlbDdBBi3JILvQRTt75p_O)
11/05/2022, 10:34:36 - ERROR - cannot find boards | ReferenceError: logger is not defined (sid: qrOMotcbrVNlbDdBBi3JILvQRTt75p_O)
11/05/2022, 10:34:36 - ERROR - Failed to get boards | ReferenceError: logger is not defined (sid: qrOMotcbrVNlbDdBBi3JILvQRTt75p_O)
11/05/2022, 10:35:02 - ERROR - cannot find boards | ReferenceError: logger is not defined (sid: qrOMotcbrVNlbDdBBi3JILvQRTt75p_O)
11/05/2022, 10:35:02 - ERROR - Failed to get boards | ReferenceError: logger is not defined (sid: qrOMotcbrVNlbDdBBi3JILvQRTt75p_O)
11/05/2022, 10:35:41 - ERROR - cannot find boards | ReferenceError: logger is not defined (sid: qrOMotcbrVNlbDdBBi3JILvQRTt75p_O)
11/05/2022, 10:35:41 - ERROR - Failed to get boards | ReferenceError: logger is not defined (sid: qrOMotcbrVNlbDdBBi3JILvQRTt75p_O)
11/05/2022, 10:36:15 - ERROR - cannot find boards | ReferenceError: logger is not defined (sid: qrOMotcbrVNlbDdBBi3JILvQRTt75p_O)
11/05/2022, 10:36:15 - ERROR - Failed to get boards | ReferenceError: logger is not defined (sid: qrOMotcbrVNlbDdBBi3JILvQRTt75p_O)
11/05/2022, 10:36:36 - ERROR - cannot find boards | ReferenceError: logger is not defined (sid: qrOMotcbrVNlbDdBBi3JILvQRTt75p_O)
11/05/2022, 10:36:36 - ERROR - Failed to get boards | ReferenceError: logger is not defined (sid: qrOMotcbrVNlbDdBBi3JILvQRTt75p_O)
11/05/2022, 10:36:46 - ERROR - cannot find boards | ReferenceError: logger is not defined (sid: qrOMotcbrVNlbDdBBi3JILvQRTt75p_O)
11/05/2022, 10:36:46 - ERROR - Failed to get boards | ReferenceError: logger is not defined (sid: qrOMotcbrVNlbDdBBi3JILvQRTt75p_O)
11/05/2022, 10:37:43 - ERROR - cannot find boards | ReferenceError: logger is not defined (sid: qrOMotcbrVNlbDdBBi3JILvQRTt75p_O)
11/05/2022, 10:37:43 - ERROR - Failed to get boards | ReferenceError: logger is not defined (sid: qrOMotcbrVNlbDdBBi3JILvQRTt75p_O)
11/05/2022, 10:37:49 - INFO - Server is running on port: 3030 
11/05/2022, 10:37:53 - ERROR - cannot find boards | ReferenceError: logger is not defined (sid: YFmH9A7aP1JiTXYQeHBUiJPcmlHeppH-)
11/05/2022, 10:37:53 - ERROR - Failed to get boards | ReferenceError: logger is not defined (sid: YFmH9A7aP1JiTXYQeHBUiJPcmlHeppH-)
11/05/2022, 10:38:03 - ERROR - cannot find boards | ReferenceError: logger is not defined (sid: YFmH9A7aP1JiTXYQeHBUiJPcmlHeppH-)
11/05/2022, 10:38:03 - ERROR - Failed to get boards | ReferenceError: logger is not defined (sid: YFmH9A7aP1JiTXYQeHBUiJPcmlHeppH-)
11/05/2022, 10:38:28 - INFO - Server is running on port: 3030 
11/05/2022, 10:38:33 - ERROR - cannot find boards | ReferenceError: logger is not defined (sid: 5XPk8lecdpXhpEJpA0mv_qbbDp57aGY4)
11/05/2022, 10:38:33 - ERROR - Failed to get boards | ReferenceError: logger is not defined (sid: 5XPk8lecdpXhpEJpA0mv_qbbDp57aGY4)
11/05/2022, 10:38:44 - INFO - Server is running on port: 3030 
11/05/2022, 10:38:48 - ERROR - cannot find boards | ReferenceError: logger is not defined (sid: zPNYFH0Vx8Q-CkzjraoTSaeseX41L0DY)
11/05/2022, 10:38:48 - ERROR - Failed to get boards | ReferenceError: logger is not defined (sid: zPNYFH0Vx8Q-CkzjraoTSaeseX41L0DY)
11/05/2022, 10:39:26 - INFO - Server is running on port: 3030 
11/05/2022, 10:42:22 - INFO - Server is running on port: 3030 
11/05/2022, 14:50:25 - INFO - Server is running on port: 3030 
12/05/2022, 8:58:22 - INFO - Server is running on port: 3030 
12/05/2022, 11:58:08 - ERROR - while finding board undefined | Error: Argument passed in must be a single String of 12 bytes or a string of 24 hex characters (sid: 7EVAJYuhTPctxGNk--zU5xZ7Uak5oldT)
12/05/2022, 11:58:08 - ERROR - Failed to get board | Error: Argument passed in must be a single String of 12 bytes or a string of 24 hex characters (sid: 7EVAJYuhTPctxGNk--zU5xZ7Uak5oldT)
12/05/2022, 12:19:49 - ERROR - while finding board undefined | Error: Argument passed in must be a single String of 12 bytes or a string of 24 hex characters (sid: 7EVAJYuhTPctxGNk--zU5xZ7Uak5oldT)
12/05/2022, 12:19:49 - ERROR - Failed to get board | Error: Argument passed in must be a single String of 12 bytes or a string of 24 hex characters (sid: 7EVAJYuhTPctxGNk--zU5xZ7Uak5oldT)
12/05/2022, 12:19:49 - ERROR - while finding board undefined | Error: Argument passed in must be a single String of 12 bytes or a string of 24 hex characters (sid: 7EVAJYuhTPctxGNk--zU5xZ7Uak5oldT)
12/05/2022, 12:19:49 - ERROR - Failed to get board | Error: Argument passed in must be a single String of 12 bytes or a string of 24 hex characters (sid: 7EVAJYuhTPctxGNk--zU5xZ7Uak5oldT)
